Using pre-set license

 COMMAND LINE ARGUMENTS:
/Applications/Unity/Hub/Editor/2020.2.4f1/Unity.app/Contents/MacOS/Unity
-adb2
-batchMode
-noUpm
-name
AssetImportWorker0
-projectPath
/Users/allasophy/Documents/GitHub/dot_sim/dot_sim
-logFile
Logs/AssetImportWorker0.log
-srvPort
52904
Successfully changed project path to: /Users/allasophy/Documents/GitHub/dot_sim/dot_sim
/Users/allasophy/Documents/GitHub/dot_sim/dot_sim
Using Asset Import Pipeline V2.
Refreshing native plugins compatible for Editor in 63.45 ms, found 2 plugins.
Preloading 0 native plugins for Editor in 0.00 ms.
Initialize engine version: 2020.2.4f1 (becced5a802b)
[Subsystems] Discovering subsystems at path /Applications/Unity/Hub/Editor/2020.2.4f1/Unity.app/Contents/Resources/UnitySubsystems
[Subsystems] Discovering subsystems at path /Users/allasophy/Documents/GitHub/dot_sim/dot_sim/Assets
GfxDevice: creating device client; threaded=0
2021-02-13 11:30:57.412 Unity[5639:198478] Color LCD preferred device: Intel(R) UHD Graphics 617 (low power)
2021-02-13 11:30:57.412 Unity[5639:198478] Metal devices available: 1
2021-02-13 11:30:57.412 Unity[5639:198478] 0: Intel(R) UHD Graphics 617 (low power)
2021-02-13 11:30:57.412 Unity[5639:198478] Using device Intel(R) UHD Graphics 617 (low power)
Initializing Metal device caps: Intel(R) UHD Graphics 617
Initialize mono
Mono path[0] = '/Applications/Unity/Hub/Editor/2020.2.4f1/Unity.app/Contents/Managed'
Mono path[1] = '/Applications/Unity/Hub/Editor/2020.2.4f1/Unity.app/Contents/MonoBleedingEdge/lib/mono/unityjit'
Mono config path = '/Applications/Unity/Hub/Editor/2020.2.4f1/Unity.app/Contents/MonoBleedingEdge/etc'
Using monoOptions --debugger-agent=transport=dt_socket,embedding=1,server=y,suspend=n,address=127.0.0.1:56639
Begin MonoManager ReloadAssembly
Registering precompiled unity dll's ...
Register platform support module: /Applications/Unity/Hub/Editor/2020.2.4f1/Unity.app/Contents/PlaybackEngines/MacStandaloneSupport/UnityEditor.OSXStandalone.Extensions.dll
Registered in 0.002544 seconds.
Native extension for OSXStandalone target not found
Refreshing native plugins compatible for Editor in 50.24 ms, found 2 plugins.
Preloading 0 native plugins for Editor in 0.00 ms.
Invoked RoslynAnalysisRunner static constructor.
RoslynAnalysisRunner will not be running.
RoslynAnalysisRunner has terminated.
Mono: successfully reloaded assembly
- Completed reload, in  3.365 seconds
Platform modules already initialized, skipping
Registering precompiled user dll's ...
Registered in 0.002177 seconds.
Begin MonoManager ReloadAssembly
Native extension for OSXStandalone target not found
Refreshing native plugins compatible for Editor in 50.95 ms, found 2 plugins.
Preloading 0 native plugins for Editor in 0.00 ms.
Invoked RoslynAnalysisRunner static constructor.
RoslynAnalysisRunner will not be running.
RoslynAnalysisRunner has terminated.
Mono: successfully reloaded assembly
- Completed reload, in  1.711 seconds
Platform modules already initialized, skipping
========================================================================
Worker process is ready to serve import requests
Launching external process: /Applications/Unity/Hub/Editor/2020.2.4f1/Unity.app/Contents/Tools/UnityShaderCompiler
Launched and connected shader compiler UnityShaderCompiler after 0.02 seconds
Refreshing native plugins compatible for Editor in 0.68 ms, found 2 plugins.
Preloading 0 native plugins for Editor in 0.00 ms.
Unloading 1797 Unused Serialized files (Serialized files now loaded: 0)
System memory in use before: 143.9 MB.
System memory in use after: 143.8 MB.

Unloading 24 unused Assets to reduce memory usage. Loaded Objects now: 2238.
Total: 3.643531 ms (FindLiveObjects: 0.648308 ms CreateObjectMapping: 0.185209 ms MarkObjects: 2.627299 ms  DeleteObjects: 0.180541 ms)

========================================================================
Received Import Request.
  path: Assets/Scenes
  artifactKey: Guid(a6a73d7292e024b8893ea3b24e17e686) Importer(815301076,1909f56bfc062723c751e8b465ee728b)
Start importing Assets/Scenes using Guid(a6a73d7292e024b8893ea3b24e17e686) Importer(815301076,1909f56bfc062723c751e8b465ee728b)  -> (artifact id: '67d3d6af7d7f6be937d7d7648d99616d') in 0.006028 seconds
  Import took 0.012146 seconds .

========================================================================
Received Import Request.
  Time since last request: 109.997183 seconds.
  path: Assets/background.jpeg
  artifactKey: Guid(a0c3b6a369ae94b8aa7c0e0f39250f03) Importer(815301076,1909f56bfc062723c751e8b465ee728b)
Start importing Assets/background.jpeg using Guid(a0c3b6a369ae94b8aa7c0e0f39250f03) Importer(815301076,1909f56bfc062723c751e8b465ee728b)  -> (artifact id: '77d0211199c74100ebce6c74d77a4bf3') in 3.301732 seconds
  Import took 3.328042 seconds .

========================================================================
Received Import Request.
  Time since last request: 109.844662 seconds.
  path: Packages/com.unity.2d.sprite/Editor/ObjectMenuCreation/DefaultAssets/Textures/Circle.png
  artifactKey: Guid(4adeaf2d2b1c7417e89f026626d8264f) Importer(815301076,1909f56bfc062723c751e8b465ee728b)
Start importing Packages/com.unity.2d.sprite/Editor/ObjectMenuCreation/DefaultAssets/Textures/Circle.png using Guid(4adeaf2d2b1c7417e89f026626d8264f) Importer(815301076,1909f56bfc062723c751e8b465ee728b)  -> (artifact id: 'e2da7dde23352f44bc73dbff701d4594') in 2.151191 seconds
  Import took 2.157853 seconds .

========================================================================
Received Import Request.
  Time since last request: 25.100807 seconds.
  path: Assets/New Material.mat
  artifactKey: Guid(e6f681f2c0bfd46b3ada5bb9980f8ef0) Importer(815301076,1909f56bfc062723c751e8b465ee728b)
Start importing Assets/New Material.mat using Guid(e6f681f2c0bfd46b3ada5bb9980f8ef0) Importer(815301076,1909f56bfc062723c751e8b465ee728b)  -> (artifact id: 'a7e9bb2f89183c5eee43576211b30f03') in 2.591895 seconds
  Import took 2.598552 seconds .

========================================================================
Received Import Request.
  Time since last request: 712.414834 seconds.
  path: ProjectSettings/TagManager.asset
  artifactKey: Guid(00000000000000003000000000000000) Importer(815301076,1909f56bfc062723c751e8b465ee728b)
Start importing ProjectSettings/TagManager.asset using Guid(00000000000000003000000000000000) Importer(815301076,1909f56bfc062723c751e8b465ee728b)  -> (artifact id: '135b5813783864719e8674deb51bac1c') in 0.657996 seconds
  Import took 0.685476 seconds .

========================================================================
Received Import Request.
  Time since last request: 241.258245 seconds.
  path: Assets/New Material.mat
  artifactKey: Guid(e6f681f2c0bfd46b3ada5bb9980f8ef0) Importer(815301076,1909f56bfc062723c751e8b465ee728b)
Start importing Assets/New Material.mat using Guid(e6f681f2c0bfd46b3ada5bb9980f8ef0) Importer(815301076,1909f56bfc062723c751e8b465ee728b)  -> (artifact id: '772c9a37724aa913f615ce794030589a') in 0.073107 seconds
  Import took 0.083258 seconds .

